<?xml version="1.0" encoding="utf-8"?><testsuites name="pytest tests"><testsuite name="pytest" errors="0" failures="0" skipped="0" tests="34" time="5.309" timestamp="2026-04-17T04:11:50.925996+00:00" hostname="agent-env-2a7bbb54-ae21-4fd8-8b46-f3eb8356d62c"><testcase classname="backend.tests.test_api.TestRootEndpoint" name="test_root_returns_message" time="0.156" /><testcase classname="backend.tests.test_api.TestAuthEndpoints" name="test_session_invalid_returns_401" time="0.214" /><testcase classname="backend.tests.test_api.TestAuthEndpoints" name="test_session_missing_id_returns_400" time="0.107" /><testcase classname="backend.tests.test_api.TestAuthEndpoints" name="test_me_without_token_returns_401" time="0.127" /><testcase classname="backend.tests.test_api.TestAuthEndpoints" name="test_me_with_valid_token_returns_user" time="0.105" /><testcase classname="backend.tests.test_api.TestUserProfile" name="test_update_profile_type" time="0.133" /><testcase classname="backend.tests.test_api.TestUserProfile" name="test_update_theme" time="0.168" /><testcase classname="backend.tests.test_api.TestTasksCRUD" name="test_create_task_without_profile_returns_400" time="0.109" /><testcase classname="backend.tests.test_api.TestTasksCRUD" name="test_create_task_success" time="0.115" /><testcase classname="backend.tests.test_api.TestTasksCRUD" name="test_list_tasks_with_date_filter" time="0.106" /><testcase classname="backend.tests.test_api.TestTasksCRUD" name="test_update_task" time="0.216" /><testcase classname="backend.tests.test_api.TestTasksCRUD" name="test_delete_task" time="0.246" /><testcase classname="backend.tests.test_api.TestUserIsolation" name="test_user_isolation" time="0.232" /><testcase classname="backend.tests.test_api.TestSubjectsCRUD" name="test_create_subject" time="0.120" /><testcase classname="backend.tests.test_api.TestSubjectsCRUD" name="test_list_subjects" time="0.096" /><testcase classname="backend.tests.test_api.TestSubjectsCRUD" name="test_delete_subject" time="0.192" /><testcase classname="backend.tests.test_api.TestExamsCRUD" name="test_create_exam" time="0.116" /><testcase classname="backend.tests.test_api.TestExamsCRUD" name="test_list_exams" time="0.110" /><testcase classname="backend.tests.test_api.TestExamsCRUD" name="test_delete_exam" time="0.159" /><testcase classname="backend.tests.test_api.TestClientsCRUD" name="test_create_client" time="0.123" /><testcase classname="backend.tests.test_api.TestClientsCRUD" name="test_list_clients" time="0.127" /><testcase classname="backend.tests.test_api.TestClientsCRUD" name="test_delete_client" time="0.172" /><testcase classname="backend.tests.test_api.TestTimeLogsCRUD" name="test_create_time_log" time="0.109" /><testcase classname="backend.tests.test_api.TestTimeLogsCRUD" name="test_list_time_logs" time="0.103" /><testcase classname="backend.tests.test_api.TestTimeLogsCRUD" name="test_delete_time_log" time="0.170" /><testcase classname="backend.tests.test_api.TestPaymentsCRUD" name="test_create_payment" time="0.104" /><testcase classname="backend.tests.test_api.TestPaymentsCRUD" name="test_list_payments" time="0.107" /><testcase classname="backend.tests.test_api.TestPaymentsCRUD" name="test_update_payment_status" time="0.158" /><testcase classname="backend.tests.test_api.TestPaymentsCRUD" name="test_delete_payment" time="0.158" /><testcase classname="backend.tests.test_api.TestIdeasCRUD" name="test_create_idea" time="0.108" /><testcase classname="backend.tests.test_api.TestIdeasCRUD" name="test_list_ideas" time="0.108" /><testcase classname="backend.tests.test_api.TestIdeasCRUD" name="test_update_idea" time="0.150" /><testcase classname="backend.tests.test_api.TestIdeasCRUD" name="test_delete_idea" time="0.153" /><testcase classname="backend.tests.test_api.TestDashboardStats" name="test_get_stats" time="0.529" /></testsuite></testsuites>