<?xml version="1.0" encoding="utf-8"?><testsuites name="pytest tests"><testsuite name="pytest" errors="0" failures="0" skipped="0" tests="39" time="9.947" timestamp="2026-04-17T11:01:08.121176+00:00" hostname="agent-env-2a7bbb54-ae21-4fd8-8b46-f3eb8356d62c"><testcase classname="tests.test_firebase_auth.TestRootEndpoint" name="test_root_returns_200_with_message" time="0.240" /><testcase classname="tests.test_firebase_auth.TestAuthEndpoints" name="test_auth_me_without_token_returns_401" time="0.112" /><testcase classname="tests.test_firebase_auth.TestAuthEndpoints" name="test_auth_me_with_garbage_token_returns_401" time="0.128" /><testcase classname="tests.test_firebase_auth.TestAuthEndpoints" name="test_auth_me_with_valid_token_returns_user" time="0.413" /><testcase classname="tests.test_firebase_auth.TestAuthEndpoints" name="test_first_time_token_creates_user" time="0.785" /><testcase classname="tests.test_firebase_auth.TestAuthEndpoints" name="test_removed_endpoint_session_returns_404" time="0.099" /><testcase classname="tests.test_firebase_auth.TestAuthEndpoints" name="test_removed_endpoint_logout_returns_404" time="0.146" /><testcase classname="tests.test_firebase_auth.TestUserProfile" name="test_update_profile_type" time="0.112" /><testcase classname="tests.test_firebase_auth.TestUserProfile" name="test_update_theme" time="0.152" /><testcase classname="tests.test_firebase_auth.TestTasksCRUD" name="test_create_task_success" time="0.166" /><testcase classname="tests.test_firebase_auth.TestTasksCRUD" name="test_list_tasks" time="0.105" /><testcase classname="tests.test_firebase_auth.TestTasksCRUD" name="test_update_task" time="0.155" /><testcase classname="tests.test_firebase_auth.TestTasksCRUD" name="test_delete_task" time="0.158" /><testcase classname="tests.test_firebase_auth.TestUserIsolation" name="test_task_isolation" time="0.776" /><testcase classname="tests.test_firebase_auth.TestSubjectsCRUD" name="test_create_subject" time="0.148" /><testcase classname="tests.test_firebase_auth.TestSubjectsCRUD" name="test_list_subjects" time="0.116" /><testcase classname="tests.test_firebase_auth.TestSubjectsCRUD" name="test_delete_subject" time="0.159" /><testcase classname="tests.test_firebase_auth.TestExamsCRUD" name="test_create_exam" time="0.134" /><testcase classname="tests.test_firebase_auth.TestExamsCRUD" name="test_list_exams" time="0.149" /><testcase classname="tests.test_firebase_auth.TestExamsCRUD" name="test_delete_exam" time="0.147" /><testcase classname="tests.test_firebase_auth.TestClientsCRUD" name="test_create_client" time="0.126" /><testcase classname="tests.test_firebase_auth.TestClientsCRUD" name="test_list_clients" time="0.121" /><testcase classname="tests.test_firebase_auth.TestClientsCRUD" name="test_delete_client" time="0.180" /><testcase classname="tests.test_firebase_auth.TestTimeLogsCRUD" name="test_create_time_log" time="0.106" /><testcase classname="tests.test_firebase_auth.TestTimeLogsCRUD" name="test_list_time_logs" time="0.118" /><testcase classname="tests.test_firebase_auth.TestTimeLogsCRUD" name="test_delete_time_log" time="0.183" /><testcase classname="tests.test_firebase_auth.TestPaymentsCRUD" name="test_create_payment" time="0.119" /><testcase classname="tests.test_firebase_auth.TestPaymentsCRUD" name="test_list_payments" time="0.107" /><testcase classname="tests.test_firebase_auth.TestPaymentsCRUD" name="test_update_payment" time="0.196" /><testcase classname="tests.test_firebase_auth.TestPaymentsCRUD" name="test_delete_payment" time="0.178" /><testcase classname="tests.test_firebase_auth.TestIdeasCRUD" name="test_create_idea" time="0.119" /><testcase classname="tests.test_firebase_auth.TestIdeasCRUD" name="test_list_ideas" time="0.108" /><testcase classname="tests.test_firebase_auth.TestIdeasCRUD" name="test_update_idea" time="0.157" /><testcase classname="tests.test_firebase_auth.TestIdeasCRUD" name="test_delete_idea" time="0.175" /><testcase classname="tests.test_firebase_auth.TestPlatformsCRUD" name="test_create_platform" time="0.122" /><testcase classname="tests.test_firebase_auth.TestPlatformsCRUD" name="test_list_platforms" time="0.103" /><testcase classname="tests.test_firebase_auth.TestPlatformsCRUD" name="test_delete_platform" time="0.185" /><testcase classname="tests.test_firebase_auth.TestDashboardStats" name="test_get_stats" time="0.105" /><testcase classname="tests.test_firebase_auth.TestLegacyEmailMigration" name="test_legacy_email_match_links_firebase_uid" time="2.743" /></testsuite></testsuites>