<?xml version="1.0" encoding="utf-8"?><testsuites name="pytest tests"><testsuite name="pytest" errors="0" failures="0" skipped="1" tests="52" time="8.308" timestamp="2026-04-17T04:36:51.218999+00:00" hostname="agent-env-2a7bbb54-ae21-4fd8-8b46-f3eb8356d62c"><testcase classname="backend.tests.test_api.TestRootEndpoint" name="test_root_returns_message" time="0.125" /><testcase classname="backend.tests.test_api.TestAuthEndpoints" name="test_session_invalid_returns_401" time="0.214" /><testcase classname="backend.tests.test_api.TestAuthEndpoints" name="test_session_missing_id_returns_400" time="0.109" /><testcase classname="backend.tests.test_api.TestAuthEndpoints" name="test_me_without_token_returns_401" time="0.099" /><testcase classname="backend.tests.test_api.TestAuthEndpoints" name="test_me_with_valid_token_returns_user" time="0.105" /><testcase classname="backend.tests.test_api.TestUserProfile" name="test_update_profile_type" time="0.127" /><testcase classname="backend.tests.test_api.TestUserProfile" name="test_update_theme" time="0.148" /><testcase classname="backend.tests.test_api.TestTasksCRUD" name="test_create_task_without_profile_returns_400" time="0.000"><skipped type="pytest.skip" message="User C now has creator profile for iteration 2 tests">/app/backend/tests/test_api.py:124: User C now has creator profile for iteration 2 tests</skipped></testcase><testcase classname="backend.tests.test_api.TestTasksCRUD" name="test_create_task_success" time="0.108" /><testcase classname="backend.tests.test_api.TestTasksCRUD" name="test_list_tasks_with_date_filter" time="0.113" /><testcase classname="backend.tests.test_api.TestTasksCRUD" name="test_update_task" time="0.223" /><testcase classname="backend.tests.test_api.TestTasksCRUD" name="test_delete_task" time="0.201" /><testcase classname="backend.tests.test_api.TestUserIsolation" name="test_user_isolation" time="0.220" /><testcase classname="backend.tests.test_api.TestSubjectsCRUD" name="test_create_subject" time="0.105" /><testcase classname="backend.tests.test_api.TestSubjectsCRUD" name="test_list_subjects" time="0.102" /><testcase classname="backend.tests.test_api.TestSubjectsCRUD" name="test_delete_subject" time="0.193" /><testcase classname="backend.tests.test_api.TestExamsCRUD" name="test_create_exam" time="0.110" /><testcase classname="backend.tests.test_api.TestExamsCRUD" name="test_list_exams" time="0.114" /><testcase classname="backend.tests.test_api.TestExamsCRUD" name="test_delete_exam" time="0.162" /><testcase classname="backend.tests.test_api.TestClientsCRUD" name="test_create_client" time="0.106" /><testcase classname="backend.tests.test_api.TestClientsCRUD" name="test_list_clients" time="0.107" /><testcase classname="backend.tests.test_api.TestClientsCRUD" name="test_delete_client" time="0.154" /><testcase classname="backend.tests.test_api.TestTimeLogsCRUD" name="test_create_time_log" time="0.102" /><testcase classname="backend.tests.test_api.TestTimeLogsCRUD" name="test_list_time_logs" time="0.105" /><testcase classname="backend.tests.test_api.TestTimeLogsCRUD" name="test_delete_time_log" time="0.153" /><testcase classname="backend.tests.test_api.TestPaymentsCRUD" name="test_create_payment" time="0.127" /><testcase classname="backend.tests.test_api.TestPaymentsCRUD" name="test_list_payments" time="0.107" /><testcase classname="backend.tests.test_api.TestPaymentsCRUD" name="test_update_payment_status" time="0.150" /><testcase classname="backend.tests.test_api.TestPaymentsCRUD" name="test_delete_payment" time="0.150" /><testcase classname="backend.tests.test_api.TestIdeasCRUD" name="test_create_idea" time="0.107" /><testcase classname="backend.tests.test_api.TestIdeasCRUD" name="test_list_ideas" time="0.110" /><testcase classname="backend.tests.test_api.TestIdeasCRUD" name="test_update_idea" time="0.172" /><testcase classname="backend.tests.test_api.TestIdeasCRUD" name="test_delete_idea" time="0.143" /><testcase classname="backend.tests.test_api.TestDashboardStats" name="test_get_stats" time="0.110" /><testcase classname="backend.tests.test_new_features.TestExamSubjectIds" name="test_create_exam_with_multiple_subjects" time="0.209" /><testcase classname="backend.tests.test_new_features.TestExamSubjectIds" name="test_create_exam_with_empty_subject_ids" time="0.108" /><testcase classname="backend.tests.test_new_features.TestExamSubjectIds" name="test_create_exam_without_subject_ids_defaults_to_empty" time="0.107" /><testcase classname="backend.tests.test_new_features.TestExamSubjectIds" name="test_get_exams_returns_subject_ids_array" time="0.118" /><testcase classname="backend.tests.test_new_features.TestTaskExamId" name="test_create_task_with_exam_id" time="0.176" /><testcase classname="backend.tests.test_new_features.TestTaskExamId" name="test_create_task_without_exam_id" time="0.102" /><testcase classname="backend.tests.test_new_features.TestTaskExamId" name="test_update_task_exam_id" time="0.261" /><testcase classname="backend.tests.test_new_features.TestTaskExamId" name="test_get_tasks_returns_exam_id" time="0.106" /><testcase classname="backend.tests.test_new_features.TestPlatformsCRUD" name="test_list_platforms_empty" time="0.114" /><testcase classname="backend.tests.test_new_features.TestPlatformsCRUD" name="test_create_platform" time="0.102" /><testcase classname="backend.tests.test_new_features.TestPlatformsCRUD" name="test_create_platform_default_color" time="0.123" /><testcase classname="backend.tests.test_new_features.TestPlatformsCRUD" name="test_create_platform_duplicate_returns_409" time="0.165" /><testcase classname="backend.tests.test_new_features.TestPlatformsCRUD" name="test_create_platform_empty_name_returns_400" time="0.107" /><testcase classname="backend.tests.test_new_features.TestPlatformsCRUD" name="test_list_platforms_returns_created" time="0.162" /><testcase classname="backend.tests.test_new_features.TestPlatformsCRUD" name="test_delete_platform" time="0.226" /><testcase classname="backend.tests.test_new_features.TestPlatformUserIsolation" name="test_platform_isolation" time="0.217" /><testcase classname="backend.tests.test_new_features.TestPlatformUserIsolation" name="test_delete_only_own_platform" time="0.270" /><testcase classname="backend.tests.test_new_features.TestExamSubjectIdsIsolation" name="test_exam_subject_ids_isolation" time="0.992" /></testsuite></testsuites>